2019-09-10 18:28:20 PM - root - DEBUG -logging_Overall:  调试debug
2019-09-10 18:28:20 PM - root - INFO -logging_Overall:  消息info
2019-09-10 18:28:20 PM - root - WARNING -logging_Overall:  警告warn
2019-09-10 18:28:20 PM - root - ERROR -logging_Overall:  错误error
2019-09-10 18:28:20 PM - root - CRITICAL -logging_Overall:  严重critical
2019-09-10 18:31:28 PM - root - DEBUG -logging_Overall:  b'\xe8\xb0\x83\xe8\xaf\x95debug'
2019-09-10 18:31:28 PM - root - INFO -logging_Overall:  消息info
2019-09-10 18:31:28 PM - root - WARNING -logging_Overall:  警告warn
2019-09-10 18:31:28 PM - root - ERROR -logging_Overall:  错误error
2019-09-10 18:31:28 PM - root - CRITICAL -logging_Overall:  严重critical
2019-09-11 10:40:30 AM - root - DEBUG -logging_Overall:  b'\xe8\xb0\x83\xe8\xaf\x95debug'
2019-09-11 10:40:30 AM - root - INFO -logging_Overall:  消息info
2019-09-11 10:40:30 AM - root - WARNING -logging_Overall:  警告warn
2019-09-11 10:40:30 AM - root - ERROR -logging_Overall:  错误error
2019-09-11 10:40:30 AM - root - CRITICAL -logging_Overall:  严重critical
2019-09-11 10:49:27 AM - root - DEBUG -logging_Overall:  调试debug
2019-09-11 10:49:27 AM - root - INFO -logging_Overall:  消息info
2019-09-11 10:49:27 AM - root - WARNING -logging_Overall:  警告warn
2019-09-11 10:49:27 AM - root - ERROR -logging_Overall:  错误error
2019-09-11 10:49:27 AM - root - CRITICAL -logging_Overall:  严重critical
